<?xml version="1.0" encoding="UTF-8"?>
<!-- Generated by org.testng.reporters.JUnitReportReporter -->
<testsuite hostname="Tanias-MacBook-Pro.local" failures="0" tests="4" name="TestNGgropus.Group1" time="0.012" errors="0" timestamp="2021-05-28T18:33:28 CDT" skipped="0">
  <testcase classname="TestNGgropus.Group1" name="loginTest" time="0.001"/>
  <system-out/>
  <testcase classname="TestNGgropus.Group1" name="mouseHoverTest" time="0.001"/>
  <system-out/>
  <testcase classname="TestNGgropus.Group1" name="dropdownTest" time="0.007"/>
  <system-out/>
  <testcase classname="TestNGgropus.Group1" name="unitTest" time="0.003"/>
  <system-out/>
</testsuite> <!-- TestNGgropus.Group1 -->
