<?xml version="1.0" encoding="UTF-8"?>
<!-- Generated by org.testng.reporters.JUnitReportReporter -->
<testsuite hostname="Tanias-MacBook-Pro.local" failures="0" tests="3" name="TestNGgropus.ParametersTest" time="0.013" errors="0" timestamp="2021-05-28T19:55:19 CDT" skipped="0">
  <testcase classname="TestNGgropus.ParametersTest" name="loginTest" time="0.009"/>
  <system-out/>
  <testcase classname="TestNGgropus.ParametersTest" name="productTest" time="0.002"/>
  <system-out/>
  <testcase classname="TestNGgropus.ParametersTest" name="checkoutTest" time="0.002"/>
  <system-out/>
</testsuite> <!-- TestNGgropus.ParametersTest -->
